<?xml version="1.0" encoding="UTF-8"?>
<testsuite xmlns:xsi="http://www.w3.org/2001/XMLSchema-instance" xsi:noNamespaceSchemaLocation="https://maven.apache.org/surefire/maven-surefire-plugin/xsd/surefire-test-report-3.0.xsd" version="3.0" name="TestFSMTest" time="0.795" tests="48" errors="0" skipped="0" failures="0">
  <properties>
[...]
</properties>
  <testcase name="testBasicExamples(String, String)[1]" classname="TestFSMTest" time="0.1"/>
  <testcase name="testBasicExamples(String, String)[2]" classname="TestFSMTest" time="0.002"/>
  <testcase name="testEmptyInput" classname="TestFSMTest" time="0.006"/>
  <testcase name="testEdgeCasesWithTEST(String, String)[1]" classname="TestFSMTest" time="0.002"/>
  <testcase name="testEdgeCasesWithTEST(String, String)[2]" classname="TestFSMTest" time="0.003"/>
  <testcase name="testEdgeCasesWithTEST(String, String)[3]" classname="TestFSMTest" time="0.002"/>
  <testcase name="testEdgeCasesWithTEST(String, String)[4]" classname="TestFSMTest" time="0.001"/>
  <testcase name="testTESTESTEdgeCase" classname="TestFSMTest" time="0.038"/>
  <testcase name="testResetBetweenCalls" classname="TestFSMTest" time="0.002"/>
  <testcase name="testCaseSensitivity(String, String)[1]" classname="TestFSMTest" time="0.001"/>
  <testcase name="testCaseSensitivity(String, String)[2]" classname="TestFSMTest" time="0.001"/>
  <testcase name="testCaseSensitivity(String, String)[3]" classname="TestFSMTest" time="0.002"/>
  <testcase name="testCaseSensitivity(String, String)[4]" classname="TestFSMTest" time="0.001"/>
  <testcase name="testCaseSensitivity(String, String)[5]" classname="TestFSMTest" time="0.0"/>
  <testcase name="testTETESTEdgeCase" classname="TestFSMTest" time="0.002"/>
  <testcase name="testMultipleTEST(String)[1]" classname="TestFSMTest" time="0.003"/>
  <testcase name="testMultipleTEST(String)[2]" classname="TestFSMTest" time="0.001"/>
  <testcase name="testMultipleTEST(String)[3]" classname="TestFSMTest" time="0.001"/>
  <testcase name="testStringsNotContainingTEST(String, String)[1]" classname="TestFSMTest" time="0.001"/>
  <testcase name="testStringsNotContainingTEST(String, String)[2]" classname="TestFSMTest" time="0.001"/>
  <testcase name="testStringsNotContainingTEST(String, String)[3]" classname="TestFSMTest" time="0.003"/>
  <testcase name="testStringsNotContainingTEST(String, String)[4]" classname="TestFSMTest" time="0.0"/>
  <testcase name="testStringsNotContainingTEST(String, String)[5]" classname="TestFSMTest" time="0.002"/>
  <testcase name="testStringsNotContainingTEST(String, String)[6]" classname="TestFSMTest" time="0.002"/>
  <testcase name="testStringsNotContainingTEST(String, String)[7]" classname="TestFSMTest" time="0.001"/>
  <testcase name="testStringsNotContainingTEST(String, String)[8]" classname="TestFSMTest" time="0.003"/>
  <testcase name="testStringsNotContainingTEST(String, String)[9]" classname="TestFSMTest" time="0.004"/>
  <testcase name="testStringsNotContainingTEST(String, String)[10]" classname="TestFSMTest" time="0.001"/>
  <testcase name="testNullInput" classname="TestFSMTest" time="0.0"/>
  <testcase name="testTTESTEdgeCase" classname="TestFSMTest" time="0.001"/>
  <testcase name="testState1(String)[1]" classname="TestFSMTest" time="0.0"/>
  <testcase name="testState1(String)[2]" classname="TestFSMTest" time="0.001"/>
  <testcase name="testState1(String)[3]" classname="TestFSMTest" time="0.052"/>
  <testcase name="testState1(String)[4]" classname="TestFSMTest" time="0.001"/>
  <testcase name="testState2(String)[1]" classname="TestFSMTest" time="0.002"/>
  <testcase name="testState2(String)[2]" classname="TestFSMTest" time="0.004"/>
  <testcase name="testState2(String)[3]" classname="TestFSMTest" time="0.0"/>
  <testcase name="testState3(String)[1]" classname="TestFSMTest" time="0.001"/>
  <testcase name="testState3(String)[2]" classname="TestFSMTest" time="0.0"/>
  <testcase name="testState3(String)[3]" classname="TestFSMTest" time="0.01"/>
  <testcase name="testStringsContainingTEST(String)[1]" classname="TestFSMTest" time="0.001"/>
  <testcase name="testStringsContainingTEST(String)[2]" classname="TestFSMTest" time="0.001"/>
  <testcase name="testStringsContainingTEST(String)[3]" classname="TestFSMTest" time="0.0"/>
  <testcase name="testStringsContainingTEST(String)[4]" classname="TestFSMTest" time="0.0"/>
  <testcase name="testStringsContainingTEST(String)[5]" classname="TestFSMTest" time="0.0"/>
  <testcase name="testStringsContainingTEST(String)[6]" classname="TestFSMTest" time="0.0"/>
  <testcase name="testStringsContainingTEST(String)[7]" classname="TestFSMTest" time="0.0"/>
  <testcase name="testStringsContainingTEST(String)[8]" classname="TestFSMTest" time="0.002"/>
</testsuite>